<?xml version="1.0" encoding="UTF-8"?>
<!-- Generated by org.testng.reporters.JUnitReportReporter -->
<testsuite skipped="0" hostname="DESKTOP-LU9MCAK" name="volnayJen.VolnayTesNG" tests="1" failures="0" timestamp="14 Dec 2018 17:51:08 GMT" time="4.015" errors="0">
  <testcase name="f" time="4.015" classname="volnayJen.VolnayTesNG"/>
</testsuite> <!-- volnayJen.VolnayTesNG -->
